<?xml version="1.0" encoding="UTF-8"?>
<!-- Generated by org.testng.reporters.JUnitXMLReporter -->
<testsuite hostname="svp-pc" name="Command line test" tests="5" failures="0" timestamp="3 Oct 2014 19:01:19 GMT" time="0.001" errors="0">
  <testcase name="testAsBoolean" time="0.0" classname="de.javanarior.vo.types.BooleanWrapperTest"/>
  <testcase name="testCompareTo" time="0.0" classname="de.javanarior.vo.types.BooleanWrapperTest"/>
  <testcase name="testEqualsForDifferentTypes" time="0.0" classname="de.javanarior.vo.types.BooleanWrapperTest"/>
  <testcase name="testGetValue" time="0.0" classname="de.javanarior.vo.types.BooleanWrapperTest"/>
  <testcase name="testPrimitiveBoolean" time="0.0" classname="de.javanarior.vo.types.BooleanWrapperTest"/>
</testsuite> <!-- Command line test -->
