<?xml version="1.0" encoding="UTF-8"?>
<testng-results skipped="0" failed="0" total="5" passed="5">
  <reporter-output>
  </reporter-output>
  <suite name="Command line suite" duration-ms="1" started-at="2014-10-03T19:01:19Z" finished-at="2014-10-03T19:01:19Z">
    <groups>
    </groups>
    <test name="Command line test" duration-ms="1" started-at="2014-10-03T19:01:19Z" finished-at="2014-10-03T19:01:19Z">
      <class name="de.javanarior.vo.types.BooleanWrapperTest">
        <test-method status="PASS" signature="testAsBoolean()[pri:0, instance:de.javanarior.vo.types.BooleanWrapperTest@57083fae]" name="testAsBoolean" duration-ms="0" started-at="2014-10-03T21:01:19Z" finished-at="2014-10-03T21:01:19Z">
          <reporter-output>
          </reporter-output>
        </test-method> <!-- testAsBoolean -->
        <test-method status="PASS" signature="testCompareTo()[pri:0, instance:de.javanarior.vo.types.BooleanWrapperTest@57083fae]" name="testCompareTo" duration-ms="0" started-at="2014-10-03T21:01:19Z" finished-at="2014-10-03T21:01:19Z">
          <reporter-output>
          </reporter-output>
        </test-method> <!-- testCompareTo -->
        <test-method status="PASS" signature="testEqualsForDifferentTypes()[pri:0, instance:de.javanarior.vo.types.BooleanWrapperTest@57083fae]" name="testEqualsForDifferentTypes" duration-ms="0" started-at="2014-10-03T21:01:19Z" finished-at="2014-10-03T21:01:19Z">
          <reporter-output>
          </reporter-output>
        </test-method> <!-- testEqualsForDifferentTypes -->
        <test-method status="PASS" signature="testGetValue()[pri:0, instance:de.javanarior.vo.types.BooleanWrapperTest@57083fae]" name="testGetValue" duration-ms="0" started-at="2014-10-03T21:01:19Z" finished-at="2014-10-03T21:01:19Z">
          <reporter-output>
          </reporter-output>
        </test-method> <!-- testGetValue -->
        <test-method status="PASS" signature="testPrimitiveBoolean()[pri:0, instance:de.javanarior.vo.types.BooleanWrapperTest@57083fae]" name="testPrimitiveBoolean" duration-ms="0" started-at="2014-10-03T21:01:19Z" finished-at="2014-10-03T21:01:19Z">
          <reporter-output>
          </reporter-output>
        </test-method> <!-- testPrimitiveBoolean -->
      </class> <!-- de.javanarior.vo.types.BooleanWrapperTest -->
    </test> <!-- Command line test -->
  </suite> <!-- Command line suite -->
</testng-results>
